{
  "stats": {
    "suites": 1,
    "tests": 1,
    "passes": 1,
    "pending": 0,
    "failures": 0,
    "start": "2026-06-12T00:16:55.452Z",
    "end": "2026-06-12T00:17:02.641Z",
    "duration": 7189,
    "testsRegistered": 1,
    "passPercent": 100,
    "pendingPercent": 0,
    "other": 0,
    "hasOther": false,
    "skipped": 0,
    "hasSkipped": false
  },
  "results": [
    {
      "uuid": "b430b42a-b95b-4b4e-a523-3ed7ae77b3fa",
      "title": "",
      "fullFile": "cypress\\e2e\\checkout.cy.js",
      "file": "cypress\\e2e\\checkout.cy.js",
      "beforeHooks": [],
      "afterHooks": [],
      "tests": [],
      "suites": [
        {
          "uuid": "82c105a6-f05c-4b0d-9249-9be4cd03c681",
          "title": "Checkout Flow",
          "fullFile": "",
          "file": "",
          "beforeHooks": [],
          "afterHooks": [],
          "tests": [
            {
              "title": "Complete Checkout Successfully",
              "fullTitle": "Checkout Flow Complete Checkout Successfully",
              "timedOut": null,
              "duration": 7132,
              "state": "passed",
              "speed": "medium",
              "pass": true,
              "fail": false,
              "pending": false,
              "context": null,
              "code": "_LoginPage.default.visit();\n_LoginPage.default.login(_users.default.standardUser.username, _users.default.standardUser.password);\ncy.url().should('include', 'inventory');\ncy.get('.title').should('be.visible').and('have.text', 'Products');\n_InventoryPage.default.addShirtToCart();\ncy.get('.shopping_cart_badge').should('contain', '1');\n_InventoryPage.default.openCart();\n_CartPage.default.checkout();\n_CheckoutPage.default.fillInformation('QA', 'Engineer', '12345');\n_CheckoutPage.default.finishOrder();\ncy.contains('Thank you for your order!').should('be.visible');",
              "err": {},
              "uuid": "482907eb-e9e8-4491-b068-847f0e7019de",
              "parentUUID": "82c105a6-f05c-4b0d-9249-9be4cd03c681",
              "isHook": false,
              "skipped": false
            }
          ],
          "suites": [],
          "passes": [
            "482907eb-e9e8-4491-b068-847f0e7019de"
          ],
          "failures": [],
          "pending": [],
          "skipped": [],
          "duration": 7132,
          "root": false,
          "rootEmpty": false,
          "_timeout": 2000
        }
      ],
      "passes": [],
      "failures": [],
      "pending": [],
      "skipped": [],
      "duration": 0,
      "root": true,
      "rootEmpty": true,
      "_timeout": 2000
    }
  ],
  "meta": {
    "mocha": {
      "version": "7.2.0"
    },
    "mochawesome": {
      "options": {
        "quiet": false,
        "reportFilename": "mochawesome",
        "saveHtml": false,
        "saveJson": true,
        "consoleReporter": "spec",
        "useInlineDiffs": false,
        "code": true
      },
      "version": "7.1.4"
    },
    "marge": {
      "options": {
        "reportDir": "mochawesome-report",
        "overwrite": false,
        "html": false,
        "json": true
      },
      "version": "6.3.2"
    }
  }
}